[backblue.gif]
[fade.gif]
[index.html]
[www.yinigeria.com.ng/images/favicon.png]
[www.yinigeria.com.ng/images/logo.jpg]
[www.yinigeria.com.ng/images/slider1.jpg]
[www.yinigeria.com.ng/images/slider2.jpg]
[www.yinigeria.com.ng/images/slider3.jpg]
[www.yinigeria.com.ng/images/slider4.jpg]
[www.yinigeria.com.ng/images/slider5.jpg]
[www.yinigeria.com.ng/images/slider6.jpg]
[www.yinigeria.com.ng/images/slider7.jpg]
[www.yinigeria.com.ng/images/slider8.jpg]
[www.yinigeria.com.ng/images/slider9.jpg]
[www.yinigeria.com.ng/images/slider10.jpg]
[www.yinigeria.com.ng/images/advisers1.jpg]
[www.yinigeria.com.ng/images/advisers2.jpg]
[www.yinigeria.com.ng/images/advisers3.jpg]
[www.yinigeria.com.ng/images/advisers4.jpg]
[www.yinigeria.com.ng/images/directors1.jpg]
[www.yinigeria.com.ng/images/bg_1.jpg]
[www.yinigeria.com.ng/images/past/2.jpg]
[www.yinigeria.com.ng/images/past/3.jpg]
[www.yinigeria.com.ng/images/past/4.png]
[www.yinigeria.com.ng/images/past/5.png]
[www.yinigeria.com.ng/images/past/6.jpg]
[www.yinigeria.com.ng/images/past/7.png]
[www.yinigeria.com.ng/images/past/8.jpg]
[www.yinigeria.com.ng/images/past/9.jpg]
[www.yinigeria.com.ng/images/past/10.png]
[www.yinigeria.com.ng/images/past/11.png]
[www.yinigeria.com.ng/images/past/12.jpg]
[www.yinigeria.com.ng/images/past/13.png]
[www.yinigeria.com.ng/images/past/14.jpg]
[www.yinigeria.com.ng/images/past/15.jpg]
[www.yinigeria.com.ng/images/past/16.png]
[www.yinigeria.com.ng/images/logo.png]
[www.yinigeria.com.ng/js/jquery-3.3.1.min.js]
[www.yinigeria.com.ng/js/jquery-migrate-3.0.1.min.js]
[www.yinigeria.com.ng/js/jquery-ui.js]
[www.yinigeria.com.ng/js/popper.min.js]
[www.yinigeria.com.ng/js/bootstrap.min.js]
[www.yinigeria.com.ng/js/owl.carousel.min.js]
[www.yinigeria.com.ng/js/jquery.stellar.min.js]
[www.yinigeria.com.ng/js/jquery.countdown.min.js]
[www.yinigeria.com.ng/js/bootstrap-datepicker.min.js]
[www.yinigeria.com.ng/js/jquery.easing.1.3.js]
[www.yinigeria.com.ng/js/aos.js]
[www.yinigeria.com.ng/js/jquery.fancybox.min.js]
[www.yinigeria.com.ng/js/jquery.sticky.js]
[www.yinigeria.com.ng/js/jquery.mb.YTPlayer.min.js]
[www.yinigeria.com.ng/js/main.js]
[www.yinigeria.com.ng/index.html]
[fonts.googleapis.com/cssfcca.css]
[www.yinigeria.com.ng/pay.html]
[www.yinigeria.com.ng/index-2.html]
[www.yinigeria.com.ng/about.html]
[www.yinigeria.com.ng/images/directors3.jpg]
[www.yinigeria.com.ng/images/directors4.jpg]
[www.yinigeria.com.ng/images/directors5.jpg]
[www.yinigeria.com.ng/images/directors6.jpg]
[www.yinigeria.com.ng/images/directors7.jpg]
[www.yinigeria.com.ng/team.html]
[www.yinigeria.com.ng/images/directors8.jpg]
[www.yinigeria.com.ng/images/pro1.jpg]
[www.yinigeria.com.ng/images/pro2.jpg]
[www.yinigeria.com.ng/images/pro3.jpg]
[www.yinigeria.com.ng/images/pro4.jpg]
[www.yinigeria.com.ng/images/pro5.jpg]
[www.yinigeria.com.ng/images/pro6.jpg]
[www.yinigeria.com.ng/images/pro7.jpg]
[www.yinigeria.com.ng/images/pro8.jpg]
[www.yinigeria.com.ng/programme.html]
[www.yinigeria.com.ng/images/pro9.jpg]
[www.yinigeria.com.ng/events.html]
[www.yinigeria.com.ng/images/gallery/g01.jpg]
[www.yinigeria.com.ng/images/gallery/g02.jpg]
[www.yinigeria.com.ng/images/gallery/g03.jpg]
[www.yinigeria.com.ng/images/gallery/g04.jpg]
[www.yinigeria.com.ng/images/gallery/g05.jpg]
[www.yinigeria.com.ng/images/gallery/g06.jpg]
[www.yinigeria.com.ng/images/gallery/g07.jpg]
[www.yinigeria.com.ng/images/gallery/g08.jpg]
[www.yinigeria.com.ng/images/gallery/g09.jpg]
[www.yinigeria.com.ng/images/gallery/g10.jpg]
[www.yinigeria.com.ng/images/gallery/g11.jpg]
[www.yinigeria.com.ng/images/gallery/g12.jpg]
[www.yinigeria.com.ng/images/gallery/g13.jpg]
[www.yinigeria.com.ng/images/gallery/g14.jpg]
[www.yinigeria.com.ng/images/gallery/g15.jpg]
[www.yinigeria.com.ng/images/gallery/g16.jpg]
[www.yinigeria.com.ng/images/gallery/g17.jpg]
[www.yinigeria.com.ng/images/gallery/g18.jpg]
[www.yinigeria.com.ng/images/gallery/g19.jpg]
[www.yinigeria.com.ng/images/gallery/g20.jpg]
[www.yinigeria.com.ng/images/gallery/g21.jpg]
[www.yinigeria.com.ng/images/gallery/g22.jpg]
[www.yinigeria.com.ng/images/gallery/g23.jpg]
[www.yinigeria.com.ng/images/gallery/g24.jpg]
[www.yinigeria.com.ng/images/gallery/g25.jpg]
[www.yinigeria.com.ng/images/gallery/g26.jpg]
[www.yinigeria.com.ng/images/gallery/g27.jpg]
[www.yinigeria.com.ng/images/gallery/g28.jpg]
[www.yinigeria.com.ng/images/gallery/g29.jpg]
[www.yinigeria.com.ng/images/gallery/g30.jpg]
[www.yinigeria.com.ng/images/gallery/g31.jpg]
[www.yinigeria.com.ng/images/gallery/g32.jpg]
[www.yinigeria.com.ng/images/gallery/g33.jpg]
[www.yinigeria.com.ng/images/gallery/g34.jpg]
[www.yinigeria.com.ng/images/gallery/g35.jpg]
[www.yinigeria.com.ng/images/gallery/g36.jpg]
[www.yinigeria.com.ng/images/gallery/g37.jpg]
[www.yinigeria.com.ng/images/gallery/g38.jpg]
[www.yinigeria.com.ng/images/gallery/g39.jpg]
[www.yinigeria.com.ng/gallery.html]
[www.yinigeria.com.ng/portfolio.html]
[www.yinigeria.com.ng/course-single.html]
[www.yinigeria.com.ng/register.html]
[www.yinigeria.com.ng/images/gallery/g40.jpg]
[www.yinigeria.com.ng/images/blog_large_1.jpg]
[www.yinigeria.com.ng/images/blog_1.jpg]
[www.yinigeria.com.ng/images/blog_2.jpg]
[www.yinigeria.com.ng/images/blog_3.jpg]
[www.yinigeria.com.ng/images/blog_4.jpg]
[www.yinigeria.com.ng/news.html]
[www.yinigeria.com.ng/contact.html]
[www.yinigeria.com.ng/news-single.html]
[www.yinigeria.com.ng/images/course_5.jpg]
[www.yinigeria.com.ng/fonts/icomoon/fonts/icomoon1a44.eot]
[www.yinigeria.com.ng/fonts/icomoon/fonts/icomoon1a44.ttf]
[www.yinigeria.com.ng/fonts/icomoon/fonts/icomoon1a44.woff]
[www.yinigeria.com.ng/fonts/icomoon/style.css]
[www.yinigeria.com.ng/css/bootstrap.min.css]
[www.yinigeria.com.ng/css/jquery-ui.css]
[www.yinigeria.com.ng/css/owl.carousel.min.css]
[www.yinigeria.com.ng/css/owl.theme.default.min.css]
[www.yinigeria.com.ng/css/jquery.fancybox.min.css]
[www.yinigeria.com.ng/css/bootstrap-datepicker.css]
[www.yinigeria.com.ng/fonts/flaticon/font/Flaticon.9c.delayed]
[www.yinigeria.com.ng/fonts/flaticon/font/Flaticond41d.eot]
[www.yinigeria.com.ng/fonts/flaticon/font/Flaticon.woff2]
[www.yinigeria.com.ng/fonts/flaticon/font/Flaticon.woff]
[www.yinigeria.com.ng/fonts/flaticon/font/Flaticon.ttf]
[www.yinigeria.com.ng/fonts/flaticon/font/flaticon.css]
[www.yinigeria.com.ng/css/aos.css]
[www.yinigeria.com.ng/css/jquery.mb.YTPlayer.min.css]
[www.yinigeria.com.ng/css/style.css]
[www.yinigeria.com.ng/about.html]
[www.yinigeria.com.ng/course-single.html]
[www.yinigeria.com.ng/images/about_1.html]
[www.yinigeria.com.ng/images/past/1.html]
[www.yinigeria.com.ng/register.html]
[www.yinigeria.com.ng/news.html]
[www.yinigeria.com.ng/fonts/icomoon/fonts/icomoon1a44.svg]
[www.yinigeria.com.ng/css/images/ui-bg_gloss-wave_55_5c9ccc_500x100.html]
[www.yinigeria.com.ng/css/images/ui-bg_glass_85_dfeffc_1x400.html]
[www.yinigeria.com.ng/css/images/ui-bg_glass_75_d0e5f5_1x400.html]
[www.yinigeria.com.ng/images/directors2.jpg]
[www.yinigeria.com.ng/css/images/ui-bg_inset-hard_100_f5f8f9_1x100.html]
[www.yinigeria.com.ng/css/images/ui-bg_glass_95_fef1ec_1x400.html]
[www.yinigeria.com.ng/css/images/ui-icons_469bdd_256x240.html]
[www.yinigeria.com.ng/css/images/ui-icons_d8e7f3_256x240.html]
[www.yinigeria.com.ng/css/images/ui-icons_6da8d5_256x240.html]
[www.yinigeria.com.ng/css/images/ui-icons_217bc0_256x240.html]
[www.yinigeria.com.ng/css/images/ui-icons_f9bd01_256x240.html]
[www.yinigeria.com.ng/css/images/ui-icons_2e83ff_256x240.html]
[www.yinigeria.com.ng/css/images/ui-icons_cd0a0a_256x240.html]
[www.yinigeria.com.ng/css/owl.video.play.html]
[www.yinigeria.com.ng/fonts/flaticon/font/Flaticon.svg]
[www.yinigeria.com.ng/css/font/ytp-regular.html]
[voguepay.com/images/buttons/Donation.png]
